
Showing logs for build [32mablazleon-environment-jxgke4-st-lhd7q-1[0m stage [32mfrom-build-pack[0m and container [32mstep-credential-initializer-jgs2m[0m
{"level":"info","ts":1593098143.1910808,"logger":"fallback-logger","caller":"logging/config.go:69","msg":"Fetch GitHub commit ID from kodata failed: open /var/run/ko/refs/heads/0.8.0-ns-support: no such file or directory"}
{"level":"info","ts":1593098143.1917796,"logger":"fallback-logger","caller":"creds-init/main.go:40","msg":"Credentials initialized."}

Showing logs for build [32mablazleon-environment-jxgke4-st-lhd7q-1[0m stage [32mfrom-build-pack[0m and container [32mstep-working-dir-initializer-45g9l[0m
{"level":"info","ts":1593098144.106226,"logger":"fallback-logger","caller":"logging/config.go:69","msg":"Fetch GitHub commit ID from kodata failed: open /var/run/ko/HEAD: no such file or directory"}
{"level":"info","ts":1593098144.1079125,"logger":"fallback-logger","caller":"bash/main.go:64","msg":"Successfully executed command \"sh -c mkdir -p /workspace/source\"; output "}

Showing logs for build [32mablazleon-environment-jxgke4-st-lhd7q-1[0m stage [32mfrom-build-pack[0m and container [32mstep-place-tools[0m

Showing logs for build [32mablazleon-environment-jxgke4-st-lhd7q-1[0m stage [32mfrom-build-pack[0m and container [32mstep-git-source-ablazleon-environment-jxgke4-st-lhd7q-gmj87[0m
{"level":"info","ts":1593098170.2195418,"logger":"fallback-logger","caller":"logging/config.go:69","msg":"Fetch GitHub commit ID from kodata failed: open /var/run/ko/refs/heads/0.8.0-ns-support: no such file or directory"}
{"level":"info","ts":1593098171.4003208,"logger":"fallback-logger","caller":"git/git.go:103","msg":"Successfully cloned https://github.com/*********/environment-**gke4-staging.git @ master in path /workspace/source"}

Showing logs for build [32mablazleon-environment-jxgke4-st-lhd7q-1[0m stage [32mfrom-build-pack[0m and container [32mstep-setup-builder-home[0m

Showing logs for build [32mablazleon-environment-jxgke4-st-lhd7q-1[0m stage [32mfrom-build-pack[0m and container [32mstep-git-merge[0m
Using SHAs from PULL_REFS=master:e18bfbf7620ec9b4996e1b6dfba6968feadeccea,1:b684483037f694ad264d71ab229be4f208f47c13
DEBUG: JX_LOG_LEVEL=error LC_ALL=C git fetch origin --unshallow b684483037f694ad264d71ab229be4f208f47c13: e18bfbf7620ec9b4996e1b6dfba6968feadeccea:
DEBUG: ran git fetch --unshallow origin b684483037f694ad264d71ab229be4f208f47c13: e18bfbf7620ec9b4996e1b6dfba6968feadeccea: in 
DEBUG: LC_ALL=C JX_LOG_LEVEL=error git branch
DEBUG: LC_ALL=C JX_LOG_LEVEL=error git checkout master
DEBUG: ran git checkout master in 
DEBUG: LC_ALL=C JX_LOG_LEVEL=error git reset --hard e18bfbf7620ec9b4996e1b6dfba6968feadeccea
DEBUG: ran git reset --hard e18bfbf7620ec9b4996e1b6dfba6968feadeccea in 
DEBUG: LC_ALL=C JX_LOG_LEVEL=error git clean -fd .
DEBUG: ran clean --force -d . in 
DEBUG: LC_ALL=C JX_LOG_LEVEL=error git merge b684483037f694ad264d71ab229be4f208f47c13
DEBUG: ran git merge b684483037f694ad264d71ab229be4f208f47c13 in 
DEBUG: JX_LOG_LEVEL=error LC_ALL=C git log --format=%H%x1f%an%x1f%ae%x1f%cn%x1f%ce%x1f%s%n%b%x1e e18bfbf7620ec9b4996e1b6dfba6968feadeccea..HEAD
Merged SHA b684483037f694ad264d71ab229be4f208f47c13 with commit message 'chore: Promote mynode** to version 0.0.1' into base branch master

Showing logs for build [32mablazleon-environment-jxgke4-st-lhd7q-1[0m stage [32mfrom-build-pack[0m and container [32mstep-build-helm-build[0m
WARNING: No $CHART_REPOSITORY defined so using the default value of: http://jenkins-x-chartmuseum:8080
Adding missing Helm repo: storage.googleapis.com https://storage.googleapis.com/chartmuseum.jenkins-x.io
Successfully added Helm repository storage.googleapis.com.
Adding missing Helm repo: jenkins-x-chartmuseum http://jenkins-x-chartmuseum:8080
Successfully added Helm repository jenkins-x-chartmuseum.
WARNING: No $CHART_REPOSITORY defined so using the default value of: http://jenkins-x-chartmuseum:8080
Adding missing Helm repo: chartmuseum.jenkins-x.io http://chartmuseum.jenkins-x.io
Successfully added Helm repository chartmuseum.jenkins-x.io.
